<?xml version="1.0" encoding="UTF-8"?>
<!-- Generated by org.testng.reporters.JUnitXMLReporter -->
<testsuite ignored="0" hostname="JamesBond" failures="0" tests="6" name="Default test" time="5.816" errors="0" timestamp="2024-11-18T11:02:37 GMT">
  <testcase classname="api.test.DDTests" name="testPostUser" time="2.099"/>
  <testcase classname="api.test.DDTests" name="testPostUser" time="0.418"/>
  <testcase classname="api.test.DDTests" name="testPostUser" time="0.425"/>
  <testcase classname="api.test.DDTests" name="testDeleteUserByName" time="0.435"/>
  <testcase classname="api.test.DDTests" name="testDeleteUserByName" time="0.406"/>
  <testcase classname="api.test.DDTests" name="testDeleteUserByName" time="0.412"/>
</testsuite> <!-- Default test -->
