<?xml version="1.0" encoding="UTF-8"?>
<testng-results ignored="0" total="10" passed="10" failed="0" skipped="0">
  <reporter-output>
  </reporter-output>
  <suite started-at="2024-11-18T11:38:30 GMT" name="PetSuiteByAbuBakarHamid" finished-at="2024-11-18T11:38:38 GMT" duration-ms="8360">
    <groups>
    </groups>
    <test started-at="2024-11-18T11:38:30 GMT" name="PetTestByAbuBakarHamid" finished-at="2024-11-18T11:38:38 GMT" duration-ms="8360">
      <class name="api.test.UserTests">
        <test-method is-config="true" signature="setup()[pri:0, instance:api.test.UserTests@2a4fb17b]" started-at="2024-11-18T11:38:30 GMT" name="setup" finished-at="2024-11-18T11:38:30 GMT" duration-ms="667" status="PASS">
          <reporter-output>
          </reporter-output>
        </test-method> <!-- setup -->
        <test-method signature="testPostUser()[pri:1, instance:api.test.UserTests@2a4fb17b]" started-at="2024-11-18T11:38:30 GMT" name="testPostUser" finished-at="2024-11-18T11:38:33 GMT" duration-ms="2196" status="PASS">
          <reporter-output>
          </reporter-output>
        </test-method> <!-- testPostUser -->
        <test-method signature="testGetUserByName()[pri:2, instance:api.test.UserTests@2a4fb17b]" started-at="2024-11-18T11:38:33 GMT" name="testGetUserByName" finished-at="2024-11-18T11:38:33 GMT" duration-ms="464" status="PASS">
          <reporter-output>
          </reporter-output>
        </test-method> <!-- testGetUserByName -->
        <test-method signature="testUpdateUserByName()[pri:3, instance:api.test.UserTests@2a4fb17b]" started-at="2024-11-18T11:38:33 GMT" name="testUpdateUserByName" finished-at="2024-11-18T11:38:34 GMT" duration-ms="867" status="PASS">
          <reporter-output>
          </reporter-output>
        </test-method> <!-- testUpdateUserByName -->
        <test-method signature="testDeleteUserByName()[pri:4, instance:api.test.UserTests@2a4fb17b]" started-at="2024-11-18T11:38:34 GMT" name="testDeleteUserByName" finished-at="2024-11-18T11:38:34 GMT" duration-ms="420" status="PASS">
          <reporter-output>
          </reporter-output>
        </test-method> <!-- testDeleteUserByName -->
      </class> <!-- api.test.UserTests -->
      <class name="api.test.DDTests">
        <test-method signature="testPostUser(java.lang.String,java.lang.String,java.lang.String,java.lang.String,java.lang.String,java.lang.String,java.lang.String)[pri:1, instance:api.test.DDTests@7c7b252e]" started-at="2024-11-18T11:38:35 GMT" name="testPostUser" data-provider="Data" finished-at="2024-11-18T11:38:36 GMT" duration-ms="414" status="PASS">
          <params>
            <param index="0">
              <value>
                <![CDATA[1010]]>
              </value>
            </param>
            <param index="1">
              <value>
                <![CDATA[testuser1]]>
              </value>
            </param>
            <param index="2">
              <value>
                <![CDATA[Abu]]>
              </value>
            </param>
            <param index="3">
              <value>
                <![CDATA[BAbu]]>
              </value>
            </param>
            <param index="4">
              <value>
                <![CDATA[a@gmail.com]]>
              </value>
            </param>
            <param index="5">
              <value>
                <![CDATA[test@1]]>
              </value>
            </param>
            <param index="6">
              <value>
                <![CDATA[123456789]]>
              </value>
            </param>
          </params>
          <reporter-output>
          </reporter-output>
        </test-method> <!-- testPostUser -->
        <test-method signature="testPostUser(java.lang.String,java.lang.String,java.lang.String,java.lang.String,java.lang.String,java.lang.String,java.lang.String)[pri:1, instance:api.test.DDTests@7c7b252e]" started-at="2024-11-18T11:38:36 GMT" name="testPostUser" data-provider="Data" finished-at="2024-11-18T11:38:36 GMT" duration-ms="412" status="PASS">
          <params>
            <param index="0">
              <value>
                <![CDATA[1020]]>
              </value>
            </param>
            <param index="1">
              <value>
                <![CDATA[testuser2]]>
              </value>
            </param>
            <param index="2">
              <value>
                <![CDATA[Bakar]]>
              </value>
            </param>
            <param index="3">
              <value>
                <![CDATA[BBakar]]>
              </value>
            </param>
            <param index="4">
              <value>
                <![CDATA[b@gmail.com]]>
              </value>
            </param>
            <param index="5">
              <value>
                <![CDATA[test@2]]>
              </value>
            </param>
            <param index="6">
              <value>
                <![CDATA[123456789]]>
              </value>
            </param>
          </params>
          <reporter-output>
          </reporter-output>
        </test-method> <!-- testPostUser -->
        <test-method signature="testPostUser(java.lang.String,java.lang.String,java.lang.String,java.lang.String,java.lang.String,java.lang.String,java.lang.String)[pri:1, instance:api.test.DDTests@7c7b252e]" started-at="2024-11-18T11:38:36 GMT" name="testPostUser" data-provider="Data" finished-at="2024-11-18T11:38:37 GMT" duration-ms="422" status="PASS">
          <params>
            <param index="0">
              <value>
                <![CDATA[1030]]>
              </value>
            </param>
            <param index="1">
              <value>
                <![CDATA[testuser3]]>
              </value>
            </param>
            <param index="2">
              <value>
                <![CDATA[Hamid]]>
              </value>
            </param>
            <param index="3">
              <value>
                <![CDATA[BHamid]]>
              </value>
            </param>
            <param index="4">
              <value>
                <![CDATA[c@gmail.com]]>
              </value>
            </param>
            <param index="5">
              <value>
                <![CDATA[test@3]]>
              </value>
            </param>
            <param index="6">
              <value>
                <![CDATA[123456789]]>
              </value>
            </param>
          </params>
          <reporter-output>
          </reporter-output>
        </test-method> <!-- testPostUser -->
        <test-method signature="testDeleteUserByName(java.lang.String)[pri:2, instance:api.test.DDTests@7c7b252e]" started-at="2024-11-18T11:38:37 GMT" name="testDeleteUserByName" data-provider="UserNames" finished-at="2024-11-18T11:38:37 GMT" duration-ms="432" status="PASS">
          <params>
            <param index="0">
              <value>
                <![CDATA[testuser1]]>
              </value>
            </param>
          </params>
          <reporter-output>
          </reporter-output>
        </test-method> <!-- testDeleteUserByName -->
        <test-method signature="testDeleteUserByName(java.lang.String)[pri:2, instance:api.test.DDTests@7c7b252e]" started-at="2024-11-18T11:38:37 GMT" name="testDeleteUserByName" data-provider="UserNames" finished-at="2024-11-18T11:38:37 GMT" duration-ms="423" status="PASS">
          <params>
            <param index="0">
              <value>
                <![CDATA[testuser2]]>
              </value>
            </param>
          </params>
          <reporter-output>
          </reporter-output>
        </test-method> <!-- testDeleteUserByName -->
        <test-method signature="testDeleteUserByName(java.lang.String)[pri:2, instance:api.test.DDTests@7c7b252e]" started-at="2024-11-18T11:38:37 GMT" name="testDeleteUserByName" data-provider="UserNames" finished-at="2024-11-18T11:38:38 GMT" duration-ms="455" status="PASS">
          <params>
            <param index="0">
              <value>
                <![CDATA[testuser3]]>
              </value>
            </param>
          </params>
          <reporter-output>
          </reporter-output>
        </test-method> <!-- testDeleteUserByName -->
      </class> <!-- api.test.DDTests -->
    </test> <!-- PetTestByAbuBakarHamid -->
  </suite> <!-- PetSuiteByAbuBakarHamid -->
</testng-results>
