<?xml version="1.0" encoding="UTF-8"?>
<testsuite xmlns:xsi="http://www.w3.org/2001/XMLSchema-instance" xsi:noNamespaceSchemaLocation="https://maven.apache.org/surefire/maven-surefire-plugin/xsd/surefire-test-report.xsd" version="3.0.2" name="TestSuite" time="9.293" tests="10" errors="0" skipped="0" failures="0">
  <properties>
[...]
</properties>
  <testcase name="testPostUser" classname="api.test.UserTests" time="2.205">
    <system-out><![CDATA[11:38:30.971 [main] INFO  api.test.UserTests - *****CREATING  USER*****
HTTP/1.1 200 OK
Date: Mon, 18 Nov 2024 11:38:32 GMT
Content-Type: application/json
Transfer-Encoding: chunked
Connection: keep-alive
Access-Control-Allow-Origin: *
Access-Control-Allow-Methods: GET, POST, DELETE, PUT
Access-Control-Allow-Headers: Content-Type, api_key, Authorization
Server: Jetty(9.2.9.v20150224)

{
    "code": 200,
    "type": "unknown",
    "message": "1719072416"
}
11:38:33.162 [main] INFO  api.test.UserTests - *****USER   CREATED*****
]]></system-out>
    <system-err><![CDATA[log4j:WARN No appenders could be found for logger (org.testng.TestNG).
log4j:WARN Please initialize the log4j system properly.
log4j:WARN See http://logging.apache.org/log4j/1.2/faq.html#noconfig for more info.
]]></system-err>
  </testcase>
  <testcase name="testGetUserByName" classname="api.test.UserTests" time="0.464">
    <system-out><![CDATA[11:38:33.175 [main] INFO  api.test.UserTests - *****READING   USER*****
HTTP/1.1 200 OK
Date: Mon, 18 Nov 2024 11:38:32 GMT
Content-Type: application/json
Transfer-Encoding: chunked
Connection: keep-alive
Access-Control-Allow-Origin: *
Access-Control-Allow-Methods: GET, POST, DELETE, PUT
Access-Control-Allow-Headers: Content-Type, api_key, Authorization
Server: Jetty(9.2.9.v20150224)

{
    "id": 1719072416,
    "username": "eulah.murazik",
    "firstName": "Alishia",
    "lastName": "Brown",
    "email": "lester.little@example.com",
    "password": "9utog",
    "phone": "089-528-2259",
    "userStatus": 0
}
11:38:33.638 [main] INFO  api.test.UserTests - *****USER DISPLAYED*****
]]></system-out>
  </testcase>
  <testcase name="testUpdateUserByName" classname="api.test.UserTests" time="0.868">
    <system-out><![CDATA[11:38:33.640 [main] INFO  api.test.UserTests - *****UPDATING  USER*****
{
    "code": 200,
    "type": "unknown",
    "message": "1719072416"
}
11:38:34.081 [main] INFO  api.test.UserTests - *****USER   UPDATED*****
]]></system-out>
  </testcase>
  <testcase name="testDeleteUserByName" classname="api.test.UserTests" time="0.421">
    <system-out><![CDATA[11:38:34.509 [main] INFO  api.test.UserTests - *****DELETING  USER*****
11:38:34.928 [main] INFO  api.test.UserTests - *****USER   DELETED*****
]]></system-out>
  </testcase>
  <testcase name="testPostUser[1010, testuser1, Abu, BAbu, a@gmail.com, test@1, 123456789](1)" classname="api.test.DDTests" time="0.414"/>
  <testcase name="testPostUser[1020, testuser2, Bakar, BBakar, b@gmail.com, test@2, 123456789](2)" classname="api.test.DDTests" time="0.413"/>
  <testcase name="testPostUser[1030, testuser3, Hamid, BHamid, c@gmail.com, test@3, 123456789](3)" classname="api.test.DDTests" time="0.423"/>
  <testcase name="testDeleteUserByName[testuser1](1)" classname="api.test.DDTests" time="0.432"/>
  <testcase name="testDeleteUserByName[testuser2](2)" classname="api.test.DDTests" time="0.423"/>
  <testcase name="testDeleteUserByName[testuser3](3)" classname="api.test.DDTests" time="0.456"/>
</testsuite>