<?xml version="1.0" encoding="UTF-8"?>
<!-- Generated by org.testng.reporters.JUnitXMLReporter -->
<testsuite ignored="0" hostname="JamesBond" failures="0" tests="10" name="PetTestByAbuBakarHamid" time="7.982" errors="0" timestamp="2024-11-18T11:04:13 GMT">
  <testcase classname="api.test.UserTests" name="testPostUser" time="2.0"/>
  <testcase classname="api.test.UserTests" name="testGetUserByName" time="0.448"/>
  <testcase classname="api.test.UserTests" name="testUpdateUserByName" time="0.843"/>
  <testcase classname="api.test.UserTests" name="testDeleteUserByName" time="0.419"/>
  <testcase classname="api.test.DDTests" name="testPostUser" time="0.431"/>
  <testcase classname="api.test.DDTests" name="testPostUser" time="0.416"/>
  <testcase classname="api.test.DDTests" name="testPostUser" time="0.414"/>
  <testcase classname="api.test.DDTests" name="testDeleteUserByName" time="0.405"/>
  <testcase classname="api.test.DDTests" name="testDeleteUserByName" time="0.411"/>
  <testcase classname="api.test.DDTests" name="testDeleteUserByName" time="0.426"/>
</testsuite> <!-- PetTestByAbuBakarHamid -->
