<?xml version="1.0" encoding="UTF-8"?>
<!-- Generated by org.testng.reporters.JUnitXMLReporter -->
<testsuite ignored="0" hostname="JamesBond" failures="0" tests="10" name="PetTestByAbuBakarHamid" time="8.36" errors="0" timestamp="2024-11-18T11:38:38 GMT">
  <testcase classname="api.test.UserTests" name="testPostUser" time="2.196"/>
  <testcase classname="api.test.UserTests" name="testGetUserByName" time="0.464"/>
  <testcase classname="api.test.UserTests" name="testUpdateUserByName" time="0.867"/>
  <testcase classname="api.test.UserTests" name="testDeleteUserByName" time="0.42"/>
  <testcase classname="api.test.DDTests" name="testPostUser" time="0.414"/>
  <testcase classname="api.test.DDTests" name="testPostUser" time="0.412"/>
  <testcase classname="api.test.DDTests" name="testPostUser" time="0.422"/>
  <testcase classname="api.test.DDTests" name="testDeleteUserByName" time="0.432"/>
  <testcase classname="api.test.DDTests" name="testDeleteUserByName" time="0.423"/>
  <testcase classname="api.test.DDTests" name="testDeleteUserByName" time="0.455"/>
</testsuite> <!-- PetTestByAbuBakarHamid -->
